-encoding
UTF-8
-source
1.6
-target
1.6
-classpath
C:\Users\Rough\.m2\repository\org\apache\servicemix\bundles\org.apache.servicemix.bundles.josql\1.5_5\org.apache.servicemix.bundles.josql-1.5_5.jar;C:\Users\Rough\.m2\repository\net\sf\josql\gentlyweb-utils\1.5\gentlyweb-utils-1.5.jar;C:\Users\Rough\.m2\repository\com\h2database\h2\1.3.158\h2-1.3.158.jar;C:\Users\Rough\.m2\repository\com\carrotsearch\junit-benchmarks\0.3.0-SNAPSHOT\junit-benchmarks-0.3.0-SNAPSHOT.jar;C:\Users\Rough\.m2\repository\com\google\guava\guava\r09\guava-r09.jar;C:\Users\Rough\.m2\repository\org\aspectj\aspectjrt\1.6.11\aspectjrt-1.6.11.jar;C:\Users\Rough\.m2\repository\junit\junit\4.8.2\junit-4.8.2.jar;C:\Users\Rough\.m2\repository\com\dyuproject\protostuff\protostuff-runtime\1.0.1\protostuff-runtime-1.0.1.jar;C:\Users\Rough\.m2\repository\com\dyuproject\protostuff\protostuff-core\1.0.1\protostuff-core-1.0.1.jar;C:\Users\Rough\.m2\repository\com\dyuproject\protostuff\protostuff-api\1.0.1\protostuff-api-1.0.1.jar;C:\Users\Rough\.m2\repository\ch\qos\logback\logback-core\0.9.26\logback-core-0.9.26.jar;C:\Users\Rough\.m2\repository\ch\qos\logback\logback-classic\0.9.26\logback-classic-0.9.26.jar;C:\Users\Rough\.m2\repository\org\slf4j\slf4j-api\1.6.1\slf4j-api-1.6.1.jar;C:\Users\Rough\.m2\repository\com\dyuproject\protostuff\protostuff-collectionschema\1.0.1\protostuff-collectionschema-1.0.1.jar;C:\Development\DirectMemory\DirectMemory-Cache\target\classes
-d
C:\Development\DirectMemory\DirectMemory-Cache\target\classes
C:\Development\DirectMemory\DirectMemory-Cache\src\main\java\org\directmemory\cache\Cache.java
C:\Development\DirectMemory\DirectMemory-Cache\src\main\java\org\directmemory\measures\Every.java
C:\Development\DirectMemory\DirectMemory-Cache\src\main\java\org\directmemory\measures\Expires.java
C:\Development\DirectMemory\DirectMemory-Cache\src\main\java\org\directmemory\measures\For.java
C:\Development\DirectMemory\DirectMemory-Cache\src\main\java\org\directmemory\measures\Heap.java
C:\Development\DirectMemory\DirectMemory-Cache\src\main\java\org\directmemory\measures\In.java
C:\Development\DirectMemory\DirectMemory-Cache\src\main\java\org\directmemory\measures\Memory.java
C:\Development\DirectMemory\DirectMemory-Cache\src\main\java\org\directmemory\measures\Monitor.java
C:\Development\DirectMemory\DirectMemory-Cache\src\main\java\org\directmemory\measures\Ram.java
C:\Development\DirectMemory\DirectMemory-Cache\src\main\java\org\directmemory\measures\Sizing.java
C:\Development\DirectMemory\DirectMemory-Cache\src\main\java\org\directmemory\measures\Space.java
C:\Development\DirectMemory\DirectMemory-Cache\src\main\java\org\directmemory\memory\MemoryManager.java
C:\Development\DirectMemory\DirectMemory-Cache\src\main\java\org\directmemory\memory\OffHeapMemoryBuffer.java
C:\Development\DirectMemory\DirectMemory-Cache\src\main\java\org\directmemory\memory\Pointer.java
C:\Development\DirectMemory\DirectMemory-Cache\src\main\java\org\directmemory\misc\DummyPojo.java
C:\Development\DirectMemory\DirectMemory-Cache\src\main\java\org\directmemory\misc\Format.java
C:\Development\DirectMemory\DirectMemory-Cache\src\main\java\org\directmemory\serialization\DummyPojoSerializer.java
C:\Development\DirectMemory\DirectMemory-Cache\src\main\java\org\directmemory\serialization\ProtoStuffSerializerV1.java
C:\Development\DirectMemory\DirectMemory-Cache\src\main\java\org\directmemory\serialization\ProtoStuffWithLinkedBufferSerializer.java
C:\Development\DirectMemory\DirectMemory-Cache\src\main\java\org\directmemory\serialization\Serializer.java
C:\Development\DirectMemory\DirectMemory-Cache\src\main\java\org\directmemory\serialization\StandardSerializer.java
C:\Development\DirectMemory\DirectMemory-Cache\src\main\aspect\org\directmemory\monitoring\Performance.aj
